TN:
SF:src\index.tsx
FNF:0
FNH:0
DA:6,0
DA:7,0
DA:8,0
LF:3
LH:0
BRF:0
BRH:0
end_of_record
TN:
SF:src\Square\Square.tsx
FN:7,(anonymous_0)
FNF:1
FNH:1
FNDA:1,(anonymous_0)
DA:7,1
DA:8,1
LF:2
LH:2
BRF:0
BRH:0
end_of_record
TN:
SF:src\Square\SquareBlock\SquareBlock.tsx
FN:5,(anonymous_0)
FN:9,(anonymous_1)
FN:14,(anonymous_2)
FN:15,(anonymous_3)
FN:19,(anonymous_4)
FNF:5
FNH:5
FNDA:9,(anonymous_0)
FNDA:4,(anonymous_1)
FNDA:5,(anonymous_2)
FNDA:1,(anonymous_3)
FNDA:5,(anonymous_4)
DA:5,2
DA:6,9
DA:7,9
DA:9,9
DA:10,4
DA:11,4
DA:14,9
DA:15,5
DA:16,1
DA:17,1
DA:19,5
DA:20,5
DA:24,9
LF:13
LH:13
BRDA:26,0,0,4
BRDA:26,0,1,5
BRDA:29,1,0,9
BRDA:29,1,1,1
BRF:4
BRH:4
end_of_record
