{"C:\\Users\\Asia\\Downloads\\react\\youtube_search\\src\\index.tsx": {"path":"C:\\Users\\Asia\\Downloads\\react\\youtube_search\\src\\index.tsx","statementMap":{"0":{"start":{"line":6,"column":16},"end":{"line":6,"column":62}},"1":{"start":{"line":7,"column":13},"end":{"line":7,"column":32}},"2":{"start":{"line":8,"column":0},"end":{"line":12,"column":2}}},"fnMap":{},"branchMap":{},"s":{"0":0,"1":0,"2":0},"f":{},"b":{}}
,"C:\\Users\\Asia\\Downloads\\react\\youtube_search\\src\\api\\youtube.js": {"path":"C:\\Users\\Asia\\Downloads\\react\\youtube_search\\src\\api\\youtube.js","statementMap":{"0":{"start":{"line":2,"column":12},"end":{"line":2,"column":53}}},"fnMap":{},"branchMap":{},"s":{"0":2},"f":{},"b":{},"_coverageSchema":"1a1c01bbd47fc00a2c39e90264f33305004495a9","hash":"f6a60472dcb71e28aee670b1aab9728390e2c7e6"}
,"C:\\Users\\Asia\\Downloads\\react\\youtube_search\\src\\components\\YoutubeSearchContainer.tsx": {"path":"C:\\Users\\Asia\\Downloads\\react\\youtube_search\\src\\components\\YoutubeSearchContainer.tsx","statementMap":{"0":{"start":{"line":21,"column":31},"end":{"line":104,"column":1}},"1":{"start":{"line":22,"column":30},"end":{"line":22,"column":58}},"2":{"start":{"line":23,"column":44},"end":{"line":23,"column":73}},"3":{"start":{"line":24,"column":46},"end":{"line":24,"column":70}},"4":{"start":{"line":25,"column":32},"end":{"line":25,"column":56}},"5":{"start":{"line":26,"column":19},"end":{"line":26,"column":32}},"6":{"start":{"line":28,"column":23},"end":{"line":45,"column":3}},"7":{"start":{"line":30,"column":6},"end":{"line":42,"column":7}},"8":{"start":{"line":31,"column":8},"end":{"line":31,"column":25}},"9":{"start":{"line":32,"column":40},"end":{"line":36,"column":10}},"10":{"start":{"line":37,"column":8},"end":{"line":37,"column":39}},"11":{"start":{"line":38,"column":8},"end":{"line":38,"column":26}},"12":{"start":{"line":39,"column":8},"end":{"line":39,"column":28}},"13":{"start":{"line":41,"column":8},"end":{"line":41,"column":32}},"14":{"start":{"line":47,"column":28},"end":{"line":53,"column":3}},"15":{"start":{"line":49,"column":6},"end":{"line":49,"column":30}},"16":{"start":{"line":50,"column":6},"end":{"line":50,"column":26}},"17":{"start":{"line":55,"column":2},"end":{"line":103,"column":4}},"18":{"start":{"line":63,"column":29},"end":{"line":63,"column":53}},"19":{"start":{"line":71,"column":29},"end":{"line":71,"column":53}}},"fnMap":{"0":{"name":"(anonymous_0)","decl":{"start":{"line":21,"column":31},"end":{"line":21,"column":32}},"loc":{"start":{"line":21,"column":37},"end":{"line":104,"column":1}},"line":21},"1":{"name":"(anonymous_1)","decl":{"start":{"line":29,"column":4},"end":{"line":29,"column":5}},"loc":{"start":{"line":29,"column":53},"end":{"line":43,"column":5}},"line":29},"2":{"name":"(anonymous_2)","decl":{"start":{"line":48,"column":4},"end":{"line":48,"column":5}},"loc":{"start":{"line":48,"column":51},"end":{"line":51,"column":5}},"line":48},"3":{"name":"(anonymous_3)","decl":{"start":{"line":63,"column":23},"end":{"line":63,"column":24}},"loc":{"start":{"line":63,"column":29},"end":{"line":63,"column":53}},"line":63},"4":{"name":"(anonymous_4)","decl":{"start":{"line":71,"column":23},"end":{"line":71,"column":24}},"loc":{"start":{"line":71,"column":29},"end":{"line":71,"column":53}},"line":71}},"branchMap":{"0":{"loc":{"start":{"line":57,"column":7},"end":{"line":57,"column":49}},"type":"binary-expr","locations":[{"start":{"line":57,"column":7},"end":{"line":57,"column":14}},{"start":{"line":57,"column":18},"end":{"line":57,"column":49}}],"line":57},"1":{"loc":{"start":{"line":58,"column":7},"end":{"line":77,"column":7}},"type":"binary-expr","locations":[{"start":{"line":58,"column":7},"end":{"line":58,"column":21}},{"start":{"line":59,"column":8},"end":{"line":76,"column":16}}],"line":58}},"s":{"0":2,"1":1,"2":1,"3":1,"4":1,"5":1,"6":1,"7":0,"8":0,"9":0,"10":0,"11":0,"12":0,"13":0,"14":1,"15":0,"16":0,"17":1,"18":0,"19":0},"f":{"0":1,"1":0,"2":0,"3":0,"4":0},"b":{"0":[1,0],"1":[1,0]},"_coverageSchema":"1a1c01bbd47fc00a2c39e90264f33305004495a9","hash":"33bdbc09d31af189b328070fc0dc6d57d9e95eda"}
,"C:\\Users\\Asia\\Downloads\\react\\youtube_search\\src\\components\\Header\\Header.tsx": {"path":"C:\\Users\\Asia\\Downloads\\react\\youtube_search\\src\\components\\Header\\Header.tsx","statementMap":{"0":{"start":{"line":11,"column":17},"end":{"line":26,"column":1}},"1":{"start":{"line":12,"column":32},"end":{"line":12,"column":56}},"2":{"start":{"line":13,"column":2},"end":{"line":23,"column":23}},"3":{"start":{"line":14,"column":18},"end":{"line":14,"column":42}},"4":{"start":{"line":15,"column":4},"end":{"line":17,"column":5}},"5":{"start":{"line":16,"column":6},"end":{"line":16,"column":32}},"6":{"start":{"line":18,"column":21},"end":{"line":20,"column":5}},"7":{"start":{"line":19,"column":6},"end":{"line":19,"column":32}},"8":{"start":{"line":21,"column":4},"end":{"line":21,"column":32}},"9":{"start":{"line":22,"column":4},"end":{"line":22,"column":48}},"10":{"start":{"line":22,"column":17},"end":{"line":22,"column":47}},"11":{"start":{"line":25,"column":2},"end":{"line":25,"column":17}},"12":{"start":{"line":28,"column":15},"end":{"line":45,"column":1}},"13":{"start":{"line":29,"column":16},"end":{"line":29,"column":46}},"14":{"start":{"line":30,"column":2},"end":{"line":44,"column":4}}},"fnMap":{"0":{"name":"(anonymous_0)","decl":{"start":{"line":11,"column":17},"end":{"line":11,"column":18}},"loc":{"start":{"line":11,"column":36},"end":{"line":26,"column":1}},"line":11},"1":{"name":"(anonymous_1)","decl":{"start":{"line":13,"column":12},"end":{"line":13,"column":13}},"loc":{"start":{"line":13,"column":18},"end":{"line":23,"column":3}},"line":13},"2":{"name":"(anonymous_2)","decl":{"start":{"line":18,"column":21},"end":{"line":18,"column":22}},"loc":{"start":{"line":18,"column":27},"end":{"line":20,"column":5}},"line":18},"3":{"name":"(anonymous_3)","decl":{"start":{"line":22,"column":11},"end":{"line":22,"column":12}},"loc":{"start":{"line":22,"column":17},"end":{"line":22,"column":47}},"line":22},"4":{"name":"(anonymous_4)","decl":{"start":{"line":28,"column":15},"end":{"line":28,"column":16}},"loc":{"start":{"line":28,"column":54},"end":{"line":45,"column":1}},"line":28}},"branchMap":{"0":{"loc":{"start":{"line":15,"column":4},"end":{"line":17,"column":5}},"type":"if","locations":[{"start":{"line":15,"column":4},"end":{"line":17,"column":5}},{"start":{},"end":{}}],"line":15},"1":{"loc":{"start":{"line":36,"column":9},"end":{"line":40,"column":9}},"type":"binary-expr","locations":[{"start":{"line":36,"column":9},"end":{"line":36,"column":14}},{"start":{"line":37,"column":10},"end":{"line":39,"column":16}}],"line":36}},"s":{"0":3,"1":2,"2":2,"3":2,"4":2,"5":0,"6":2,"7":0,"8":2,"9":2,"10":2,"11":2,"12":3,"13":2,"14":2},"f":{"0":2,"1":2,"2":0,"3":2,"4":2},"b":{"0":[0,2],"1":[2,0]},"_coverageSchema":"1a1c01bbd47fc00a2c39e90264f33305004495a9","hash":"0e3689172cadc0a829a466274640a4e7db911433"}
,"C:\\Users\\Asia\\Downloads\\react\\youtube_search\\src\\components\\PlayingView\\PlayingView.tsx": {"path":"C:\\Users\\Asia\\Downloads\\react\\youtube_search\\src\\components\\PlayingView\\PlayingView.tsx","statementMap":{"0":{"start":{"line":36,"column":20},"end":{"line":49,"column":1}},"1":{"start":{"line":41,"column":2},"end":{"line":48,"column":8}}},"fnMap":{"0":{"name":"(anonymous_0)","decl":{"start":{"line":36,"column":20},"end":{"line":36,"column":21}},"loc":{"start":{"line":41,"column":2},"end":{"line":48,"column":8}},"line":41}},"branchMap":{},"s":{"0":3,"1":1},"f":{"0":1},"b":{},"_coverageSchema":"1a1c01bbd47fc00a2c39e90264f33305004495a9","hash":"b5f2429b4211a28e5f22d26e1fb90c38f291072f"}
,"C:\\Users\\Asia\\Downloads\\react\\youtube_search\\src\\components\\SearchBar\\Searchbar.tsx": {"path":"C:\\Users\\Asia\\Downloads\\react\\youtube_search\\src\\components\\SearchBar\\Searchbar.tsx","statementMap":{"0":{"start":{"line":9,"column":18},"end":{"line":52,"column":1}},"1":{"start":{"line":10,"column":26},"end":{"line":10,"column":46}},"2":{"start":{"line":12,"column":23},"end":{"line":17,"column":3}},"3":{"start":{"line":14,"column":6},"end":{"line":14,"column":34}},"4":{"start":{"line":19,"column":23},"end":{"line":25,"column":3}},"5":{"start":{"line":21,"column":6},"end":{"line":21,"column":29}},"6":{"start":{"line":22,"column":6},"end":{"line":22,"column":29}},"7":{"start":{"line":27,"column":2},"end":{"line":51,"column":4}}},"fnMap":{"0":{"name":"(anonymous_0)","decl":{"start":{"line":9,"column":18},"end":{"line":9,"column":19}},"loc":{"start":{"line":9,"column":60},"end":{"line":52,"column":1}},"line":9},"1":{"name":"(anonymous_1)","decl":{"start":{"line":13,"column":4},"end":{"line":13,"column":5}},"loc":{"start":{"line":13,"column":52},"end":{"line":15,"column":5}},"line":13},"2":{"name":"(anonymous_2)","decl":{"start":{"line":20,"column":4},"end":{"line":20,"column":5}},"loc":{"start":{"line":20,"column":31},"end":{"line":23,"column":5}},"line":20}},"branchMap":{},"s":{"0":4,"1":6,"2":6,"3":1,"4":6,"5":1,"6":1,"7":6},"f":{"0":6,"1":1,"2":1},"b":{},"_coverageSchema":"1a1c01bbd47fc00a2c39e90264f33305004495a9","hash":"7a8bd23c43dd3d83868e281927bf5572e14934d1"}
,"C:\\Users\\Asia\\Downloads\\react\\youtube_search\\src\\components\\SearchView\\SearchView.tsx": {"path":"C:\\Users\\Asia\\Downloads\\react\\youtube_search\\src\\components\\SearchView\\SearchView.tsx","statementMap":{"0":{"start":{"line":25,"column":19},"end":{"line":29,"column":1}},"1":{"start":{"line":26,"column":2},"end":{"line":28,"column":8}}},"fnMap":{"0":{"name":"(anonymous_0)","decl":{"start":{"line":25,"column":19},"end":{"line":25,"column":20}},"loc":{"start":{"line":26,"column":2},"end":{"line":28,"column":8}},"line":26}},"branchMap":{},"s":{"0":3,"1":1},"f":{"0":1},"b":{},"_coverageSchema":"1a1c01bbd47fc00a2c39e90264f33305004495a9","hash":"20d9313f83c6c854896a0be13b13b2af3c7072dc"}
,"C:\\Users\\Asia\\Downloads\\react\\youtube_search\\src\\components\\VideoDetail\\VideoDetail.tsx": {"path":"C:\\Users\\Asia\\Downloads\\react\\youtube_search\\src\\components\\VideoDetail\\VideoDetail.tsx","statementMap":{"0":{"start":{"line":16,"column":20},"end":{"line":40,"column":1}},"1":{"start":{"line":18,"column":2},"end":{"line":24,"column":3}},"2":{"start":{"line":19,"column":19},"end":{"line":19,"column":24}},"3":{"start":{"line":20,"column":35},"end":{"line":20,"column":37}},"4":{"start":{"line":21,"column":4},"end":{"line":23,"column":51}},"5":{"start":{"line":25,"column":2},"end":{"line":39,"column":4}}},"fnMap":{"0":{"name":"(anonymous_0)","decl":{"start":{"line":16,"column":20},"end":{"line":16,"column":21}},"loc":{"start":{"line":16,"column":53},"end":{"line":40,"column":1}},"line":16}},"branchMap":{"0":{"loc":{"start":{"line":18,"column":2},"end":{"line":24,"column":3}},"type":"if","locations":[{"start":{"line":18,"column":2},"end":{"line":24,"column":3}},{"start":{},"end":{}}],"line":18},"1":{"loc":{"start":{"line":21,"column":15},"end":{"line":23,"column":50}},"type":"cond-expr","locations":[{"start":{"line":22,"column":8},"end":{"line":22,"column":52}},{"start":{"line":23,"column":8},"end":{"line":23,"column":50}}],"line":21},"2":{"loc":{"start":{"line":27,"column":7},"end":{"line":37,"column":7}},"type":"binary-expr","locations":[{"start":{"line":27,"column":7},"end":{"line":27,"column":12}},{"start":{"line":28,"column":8},"end":{"line":36,"column":14}}],"line":27}},"s":{"0":4,"1":3,"2":2,"3":2,"4":2,"5":3},"f":{"0":3},"b":{"0":[2,1],"1":[1,1],"2":[3,2]},"_coverageSchema":"1a1c01bbd47fc00a2c39e90264f33305004495a9","hash":"4ac160711e8548aa873f352d593f5599d89e64ef"}
,"C:\\Users\\Asia\\Downloads\\react\\youtube_search\\src\\components\\VideoItem\\VideoItem.tsx": {"path":"C:\\Users\\Asia\\Downloads\\react\\youtube_search\\src\\components\\VideoItem\\VideoItem.tsx","statementMap":{"0":{"start":{"line":20,"column":18},"end":{"line":35,"column":1}},"1":{"start":{"line":21,"column":22},"end":{"line":21,"column":27}},"2":{"start":{"line":22,"column":45},"end":{"line":22,"column":52}},"3":{"start":{"line":23,"column":2},"end":{"line":34,"column":4}},"4":{"start":{"line":25,"column":21},"end":{"line":25,"column":45}}},"fnMap":{"0":{"name":"(anonymous_0)","decl":{"start":{"line":20,"column":18},"end":{"line":20,"column":19}},"loc":{"start":{"line":20,"column":68},"end":{"line":35,"column":1}},"line":20},"1":{"name":"(anonymous_1)","decl":{"start":{"line":25,"column":15},"end":{"line":25,"column":16}},"loc":{"start":{"line":25,"column":21},"end":{"line":25,"column":45}},"line":25}},"branchMap":{},"s":{"0":6,"1":5,"2":5,"3":5,"4":1},"f":{"0":5,"1":1},"b":{},"_coverageSchema":"1a1c01bbd47fc00a2c39e90264f33305004495a9","hash":"b6b388d9cf668ec5eb8ecfae0515bf750a01407d"}
,"C:\\Users\\Asia\\Downloads\\react\\youtube_search\\src\\components\\VideoList\\VideoList.tsx": {"path":"C:\\Users\\Asia\\Downloads\\react\\youtube_search\\src\\components\\VideoList\\VideoList.tsx","statementMap":{"0":{"start":{"line":25,"column":18},"end":{"line":47,"column":1}},"1":{"start":{"line":26,"column":25},"end":{"line":40,"column":4}},"2":{"start":{"line":27,"column":19},"end":{"line":27,"column":24}},"3":{"start":{"line":28,"column":35},"end":{"line":28,"column":37}},"4":{"start":{"line":29,"column":4},"end":{"line":39,"column":6}},"5":{"start":{"line":42,"column":2},"end":{"line":46,"column":4}}},"fnMap":{"0":{"name":"(anonymous_0)","decl":{"start":{"line":25,"column":18},"end":{"line":25,"column":19}},"loc":{"start":{"line":25,"column":69},"end":{"line":47,"column":1}},"line":25},"1":{"name":"(anonymous_1)","decl":{"start":{"line":26,"column":36},"end":{"line":26,"column":37}},"loc":{"start":{"line":26,"column":47},"end":{"line":40,"column":3}},"line":26}},"branchMap":{"0":{"loc":{"start":{"line":33,"column":10},"end":{"line":35,"column":56}},"type":"cond-expr","locations":[{"start":{"line":34,"column":14},"end":{"line":34,"column":58}},{"start":{"line":35,"column":14},"end":{"line":35,"column":56}}],"line":33}},"s":{"0":5,"1":3,"2":3,"3":3,"4":3,"5":3},"f":{"0":3,"1":3},"b":{"0":[3,0]},"_coverageSchema":"1a1c01bbd47fc00a2c39e90264f33305004495a9","hash":"28e30dedd31f65404eb8a758df927e4537c6b14d"}
,"C:\\Users\\Asia\\Downloads\\react\\youtube_search\\src\\types\\types.ts": {"path":"C:\\Users\\Asia\\Downloads\\react\\youtube_search\\src\\types\\types.ts","statementMap":{},"fnMap":{},"branchMap":{},"s":{},"f":{},"b":{}}
}
