TN:
SF:src\index.tsx
FNF:0
FNH:0
DA:6,0
DA:7,0
DA:8,0
LF:3
LH:0
BRF:0
BRH:0
end_of_record
TN:
SF:src\api\youtube.js
FNF:0
FNH:0
DA:2,2
LF:1
LH:1
BRF:0
BRH:0
end_of_record
TN:
SF:src\components\YoutubeSearchContainer.tsx
FN:21,(anonymous_0)
FN:29,(anonymous_1)
FN:48,(anonymous_2)
FN:63,(anonymous_3)
FN:71,(anonymous_4)
FNF:5
FNH:1
FNDA:1,(anonymous_0)
FNDA:0,(anonymous_1)
FNDA:0,(anonymous_2)
FNDA:0,(anonymous_3)
FNDA:0,(anonymous_4)
DA:21,2
DA:22,1
DA:23,1
DA:24,1
DA:25,1
DA:26,1
DA:28,1
DA:30,0
DA:31,0
DA:32,0
DA:37,0
DA:38,0
DA:39,0
DA:41,0
DA:47,1
DA:49,0
DA:50,0
DA:55,1
DA:63,0
DA:71,0
LF:20
LH:9
BRDA:57,0,0,1
BRDA:57,0,1,0
BRDA:58,1,0,1
BRDA:58,1,1,0
BRF:4
BRH:2
end_of_record
TN:
SF:src\components\Header\Header.tsx
FN:11,(anonymous_0)
FN:13,(anonymous_1)
FN:18,(anonymous_2)
FN:22,(anonymous_3)
FN:28,(anonymous_4)
FNF:5
FNH:4
FNDA:2,(anonymous_0)
FNDA:2,(anonymous_1)
FNDA:0,(anonymous_2)
FNDA:2,(anonymous_3)
FNDA:2,(anonymous_4)
DA:11,3
DA:12,2
DA:13,2
DA:14,2
DA:15,2
DA:16,0
DA:18,2
DA:19,0
DA:21,2
DA:22,2
DA:25,2
DA:28,3
DA:29,2
DA:30,2
LF:14
LH:12
BRDA:15,0,0,0
BRDA:15,0,1,2
BRDA:36,1,0,2
BRDA:36,1,1,0
BRF:4
BRH:2
end_of_record
TN:
SF:src\components\PlayingView\PlayingView.tsx
FN:36,(anonymous_0)
FNF:1
FNH:1
FNDA:1,(anonymous_0)
DA:36,3
DA:41,1
LF:2
LH:2
BRF:0
BRH:0
end_of_record
TN:
SF:src\components\SearchBar\Searchbar.tsx
FN:9,(anonymous_0)
FN:13,(anonymous_1)
FN:20,(anonymous_2)
FNF:3
FNH:3
FNDA:6,(anonymous_0)
FNDA:1,(anonymous_1)
FNDA:1,(anonymous_2)
DA:9,4
DA:10,6
DA:12,6
DA:14,1
DA:19,6
DA:21,1
DA:22,1
DA:27,6
LF:8
LH:8
BRF:0
BRH:0
end_of_record
TN:
SF:src\components\SearchView\SearchView.tsx
FN:25,(anonymous_0)
FNF:1
FNH:1
FNDA:1,(anonymous_0)
DA:25,3
DA:26,1
LF:2
LH:2
BRF:0
BRH:0
end_of_record
TN:
SF:src\components\VideoDetail\VideoDetail.tsx
FN:16,(anonymous_0)
FNF:1
FNH:1
FNDA:3,(anonymous_0)
DA:16,4
DA:18,3
DA:19,2
DA:20,2
DA:21,2
DA:25,3
LF:6
LH:6
BRDA:18,0,0,2
BRDA:18,0,1,1
BRDA:21,1,0,1
BRDA:21,1,1,1
BRDA:27,2,0,3
BRDA:27,2,1,2
BRF:6
BRH:6
end_of_record
TN:
SF:src\components\VideoItem\VideoItem.tsx
FN:20,(anonymous_0)
FN:25,(anonymous_1)
FNF:2
FNH:2
FNDA:5,(anonymous_0)
FNDA:1,(anonymous_1)
DA:20,6
DA:21,5
DA:22,5
DA:23,5
DA:25,1
LF:5
LH:5
BRF:0
BRH:0
end_of_record
TN:
SF:src\components\VideoList\VideoList.tsx
FN:25,(anonymous_0)
FN:26,(anonymous_1)
FNF:2
FNH:2
FNDA:3,(anonymous_0)
FNDA:3,(anonymous_1)
DA:25,5
DA:26,3
DA:27,3
DA:28,3
DA:29,3
DA:42,3
LF:6
LH:6
BRDA:33,0,0,3
BRDA:33,0,1,0
BRF:2
BRH:1
end_of_record
TN:
SF:src\types\types.ts
FNF:0
FNH:0
LF:0
LH:0
BRF:0
BRH:0
end_of_record
